<?xml version="1.0" encoding="UTF-8"?>
<!-- Generated by org.testng.reporters.JUnitReportReporter -->
<testsuite hostname="LAPTOP-BN628IA8" failures="0" tests="3" name="Test.Test4" time="0.004" errors="0" timestamp="2023-10-20T11:57:56 EDT" skipped="0">
  <testcase classname="Test.Test4" name="WebLoginHome" time="0.000"/>
  <system-out/>
  <testcase classname="Test.Test4" name="MobileLoginHome" time="0.004"/>
  <system-out/>
  <testcase classname="Test.Test4" name="LoginAPIHome" time="0.000"/>
  <system-out/>
</testsuite> <!-- Test.Test4 -->
