<?xml version="1.0" encoding="UTF-8"?>
<!-- Generated by org.testng.reporters.JUnitReportReporter -->
<testsuite hostname="LAPTOP-BN628IA8" failures="0" tests="6" name="Test.Test3" time="0.010" errors="0" timestamp="2023-10-20T11:57:56 EDT" skipped="1">
  <testcase classname="Test.Test3" name="MobileSignOutRacing" time="0.000"/>
  <system-out/>
  <testcase classname="Test.Test3" name="WebLoginRacing" time="0.003"/>
  <system-out/>
  <testcase classname="Test.Test3" name="WebLoginRacing" time="0.004"/>
  <system-out/>
  <testcase classname="Test.Test3" name="WebLoginRacing" time="0.000"/>
  <system-out/>
  <testcase classname="Test.Test3" name="MobileLoginRacing" time="0.003"/>
  <system-out/>
  <testcase classname="Test.Test3" name="MobileSignInRacing">
    <skipped/>
  </testcase> <!-- MobileSignInRacing -->
  <system-out/>
</testsuite> <!-- Test.Test3 -->
