<?xml version="1.0" encoding="UTF-8"?>
<!-- Generated by org.testng.reporters.JUnitReportReporter -->
<testsuite hostname="LAPTOP-BN628IA8" failures="0" tests="1" name="Test.Test2" time="0.001" errors="0" timestamp="2023-10-20T11:57:56 EDT" skipped="0">
  <testcase classname="Test.Test2" name="Forza" time="0.001"/>
  <system-out/>
</testsuite> <!-- Test.Test2 -->
